app/build/outputs/logs/manifest-merger-debug-report.txt
-- Merging decision tree log ---
manifest
ADDED from src/main/AndroidManifest.xml:2:1-100:12
INJECTED from src/main/AndroidManifest.xml:2:1-100:12
INJECTED from src/main/AndroidManifest.xml:2:1-100:12
INJECTED from src/main/AndroidManifest.xml:2:1-100:12
INJECTED from src/main/AndroidManifest.xml:2:1-100:12
INJECTED from src/main/AndroidManifest.xml:2:1-100:12
INJECTED from src/main/AndroidManifest.xml:2:1-100:12
	package
		ADDED from src/main/AndroidManifest.xml:4:35-75
		INJECTED from src/main/AndroidManifest.xml
		INJECTED from src/main/AndroidManifest.xml
	android:versionName
		ADDED from src/main/AndroidManifest.xml:4:7-34
		INJECTED from src/main/AndroidManifest.xml
		INJECTED from src/main/AndroidManifest.xml
	xmlns:android
		ADDED from src/main/AndroidManifest.xml:2:11-69
	android:versionCode
		ADDED from src/main/AndroidManifest.xml:3:7-31
		INJECTED from src/main/AndroidManifest.xml
		INJECTED from src/main/AndroidManifest.xml
uses-permission#android.permission.INTERNET
ADDED from src/main/AndroidManifest.xml:5:1-63
	android:name
		ADDED from src/main/AndroidManifest.xml:5:18-60
uses-permission#android.permission.ACCESS_NETWORK_STATE
ADDED from src/main/AndroidManifest.xml:6:1-75
	android:name
		ADDED from src/main/AndroidManifest.xml:6:18-72
uses-permission#android.permission.ACCESS_COARSE_LOCATION
ADDED from src/main/AndroidManifest.xml:7:1-77
	android:name
		ADDED from src/main/AndroidManifest.xml:7:18-74
uses-sdk
ADDED from src/main/AndroidManifest.xml:8:1-49
INJECTED from src/main/AndroidManifest.xml:8:1-49
INJECTED from src/main/AndroidManifest.xml:8:1-49
INJECTED from src/main/AndroidManifest.xml:8:1-49
INJECTED from src/main/AndroidManifest.xml:8:1-49
	android:targetSdkVersion
		INJECTED from src/main/AndroidManifest.xml
		ADDED from src/main/AndroidManifest.xml:8:1-49
		INJECTED from src/main/AndroidManifest.xml
	android:minSdkVersion
		ADDED from src/main/AndroidManifest.xml:8:11-37
		INJECTED from src/main/AndroidManifest.xml
		INJECTED from src/main/AndroidManifest.xml
application
ADDED from src/main/AndroidManifest.xml:10:1-98:15
	android:label
		ADDED from src/main/AndroidManifest.xml:12:5-37
	android:debuggable
		ADDED from src/main/AndroidManifest.xml:13:5-30
	android:icon
		ADDED from src/main/AndroidManifest.xml:11:5-47
	android:name
		ADDED from src/main/AndroidManifest.xml:10:14-37
activity#com.sombrerosoft.android.wmata.LineActivity
ADDED from src/main/AndroidManifest.xml:15:2-23:13
	android:enabled
		ADDED from src/main/AndroidManifest.xml:15:12-34
	android:clearTaskOnLaunch
		ADDED from src/main/AndroidManifest.xml:17:6-38
	android:configChanges
		ADDED from src/main/AndroidManifest.xml:18:6-56
	android:name
		ADDED from src/main/AndroidManifest.xml:16:6-33
intent-filter#android.intent.action.MAIN+android.intent.category.LAUNCHER
ADDED from src/main/AndroidManifest.xml:19:3-22:25
action#android.intent.action.MAIN
ADDED from src/main/AndroidManifest.xml:20:13-65
	android:name
		ADDED from src/main/AndroidManifest.xml:20:21-62
category#android.intent.category.LAUNCHER
ADDED from src/main/AndroidManifest.xml:21:13-73
	android:name
		ADDED from src/main/AndroidManifest.xml:21:23-70
activity#com.sombrerosoft.android.wmata.StationActivity
ADDED from src/main/AndroidManifest.xml:31:2-35:8
	android:enabled
		ADDED from src/main/AndroidManifest.xml:31:12-34
	android:clearTaskOnLaunch
		ADDED from src/main/AndroidManifest.xml:33:6-38
	android:configChanges
		ADDED from src/main/AndroidManifest.xml:34:6-56
	android:name
		ADDED from src/main/AndroidManifest.xml:32:6-36
activity#com.sombrerosoft.android.wmata.TimeOfArrivalActivity
ADDED from src/main/AndroidManifest.xml:49:2-53:8
	android:enabled
		ADDED from src/main/AndroidManifest.xml:49:12-34
	android:clearTaskOnLaunch
		ADDED from src/main/AndroidManifest.xml:51:6-38
	android:configChanges
		ADDED from src/main/AndroidManifest.xml:52:6-56
	android:name
		ADDED from src/main/AndroidManifest.xml:50:6-42
activity#com.sombrerosoft.android.wmata.WebStatusActivity
ADDED from src/main/AndroidManifest.xml:55:2-59:8
	android:enabled
		ADDED from src/main/AndroidManifest.xml:55:12-34
	android:clearTaskOnLaunch
		ADDED from src/main/AndroidManifest.xml:57:6-38
	android:configChanges
		ADDED from src/main/AndroidManifest.xml:58:6-56
	android:name
		ADDED from src/main/AndroidManifest.xml:56:6-38
activity#com.sombrerosoft.android.wmata.TimeOfArrivalActivityText
ADDED from src/main/AndroidManifest.xml:61:2-65:8
	android:enabled
		ADDED from src/main/AndroidManifest.xml:61:12-34
	android:clearTaskOnLaunch
		ADDED from src/main/AndroidManifest.xml:63:6-38
	android:configChanges
		ADDED from src/main/AndroidManifest.xml:64:6-56
	android:name
		ADDED from src/main/AndroidManifest.xml:62:6-46
activity#com.sombrerosoft.android.wmata.LocationActivity
ADDED from src/main/AndroidManifest.xml:67:2-71:8
	android:enabled
		ADDED from src/main/AndroidManifest.xml:67:12-34
	android:clearTaskOnLaunch
		ADDED from src/main/AndroidManifest.xml:69:6-39
	android:configChanges
		ADDED from src/main/AndroidManifest.xml:70:6-56
	android:name
		ADDED from src/main/AndroidManifest.xml:68:6-37
activity#com.sombrerosoft.android.wmata.WMATAPreferenceActivity
ADDED from src/main/AndroidManifest.xml:96:2-53
	android:name
		ADDED from src/main/AndroidManifest.xml:96:12-50